<?xml version="1.0" encoding="UTF-8"?>
<!-- Generated by org.testng.reporters.JUnitReportReporter -->
<testsuite skipped="0" hostname="DESKTOP-5SL4C2D" name="com.ibm.assignment.day7.Exercise2_ParallelTestRun2" tests="1" failures="0" timestamp="2020-06-24T00:00:07 IST" time="5.817" errors="0">
  <testcase name="openFirefoxBrowser" time="5.817" classname="com.ibm.assignment.day7.Exercise2_ParallelTestRun2"/>
</testsuite> <!-- com.ibm.assignment.day7.Exercise2_ParallelTestRun2 -->
